<?xml version="1.0" encoding="UTF-8"?>
<testsuite xmlns:xsi="http://www.w3.org/2001/XMLSchema-instance" xsi:noNamespaceSchemaLocation="https://maven.apache.org/surefire/maven-surefire-plugin/xsd/surefire-test-report-3.0.xsd" version="3.0" name="com.dimo.challenge.AppTest" time="0.503" tests="1" errors="1" skipped="0" failures="0">
  <properties>
[...]
</properties>
  <testcase name="modelWithNoPeopleTest" classname="com.dimo.challenge.AppTest" time="0.468">
    <error type="org.eclipse.emf.ecore.resource.impl.ResourceSetImpl$1DiagnosticWrappedException"><![CDATA[org.eclipse.emf.ecore.resource.impl.ResourceSetImpl$1DiagnosticWrappedException: org.eclipse.emf.ecore.xmi.PackageNotFoundException: Package with uri 'http://efinder/tests/people' not found. (file:/home/omid/workspace/challenge/target/test-classes/models/Model1.xmi, 2, 232)
	at com.dimo.challenge.AppTest.getRoot(AppTest.java:23)
	at com.dimo.challenge.AppTest.modelWithNoPeopleTest(AppTest.java:31)
Caused by: org.eclipse.emf.ecore.xmi.PackageNotFoundException: Package with uri 'http://efinder/tests/people' not found. (file:/home/omid/workspace/challenge/target/test-classes/models/Model1.xmi, 2, 232)
	at com.dimo.challenge.AppTest.getRoot(AppTest.java:23)
	at com.dimo.challenge.AppTest.modelWithNoPeopleTest(AppTest.java:31)
]]></error>
  </testcase>
</testsuite>